<?xml version="1.0" encoding="UTF-8"?>
<testng-results skipped="0" failed="0" ignored="0" total="1" passed="1">
  <reporter-output>
  </reporter-output>
  <suite name="Default suite" duration-ms="29470" started-at="2019-06-29T13:47:29Z" finished-at="2019-06-29T13:47:58Z">
    <groups>
    </groups>
    <test name="Default test" duration-ms="29470" started-at="2019-06-29T13:47:29Z" finished-at="2019-06-29T13:47:58Z">
      <class name="MBOnlineShopWorklow.MercedesBenz.OLWorkflowTest">
        <test-method status="PASS" signature="homePageNavigation()[pri:0, instance:MBOnlineShopWorklow.MercedesBenz.OLWorkflowTest@1b604f19]" name="homePageNavigation" duration-ms="29436" started-at="2019-06-29T13:47:29Z" finished-at="2019-06-29T13:47:58Z">
          <reporter-output>
          </reporter-output>
        </test-method> <!-- homePageNavigation -->
      </class> <!-- MBOnlineShopWorklow.MercedesBenz.OLWorkflowTest -->
    </test> <!-- Default test -->
  </suite> <!-- Default suite -->
</testng-results>
