<?xml version="1.0" encoding="UTF-8"?>
<testng-results skipped="0" failed="0" ignored="0" total="1" passed="1">
  <reporter-output>
  </reporter-output>
  <suite name="Suite" duration-ms="44091" started-at="2019-07-01T13:47:29Z" finished-at="2019-07-01T13:48:13Z">
    <groups>
    </groups>
    <test name="Test" duration-ms="44091" started-at="2019-07-01T13:47:29Z" finished-at="2019-07-01T13:48:13Z">
      <class name="MBOnlineShopWorklow.MercedesBenz.OrderWorkflowTest">
        <test-method status="PASS" signature="init()[pri:0, instance:MBOnlineShopWorklow.MercedesBenz.OrderWorkflowTest@60addb54]" name="init" is-config="true" duration-ms="17079" started-at="2019-07-01T13:47:29Z" finished-at="2019-07-01T13:47:46Z">
          <reporter-output>
          </reporter-output>
        </test-method> <!-- init -->
        <test-method status="PASS" signature="orderWorkflowTest()[pri:0, instance:MBOnlineShopWorklow.MercedesBenz.OrderWorkflowTest@60addb54]" name="orderWorkflowTest" duration-ms="25327" started-at="2019-07-01T13:47:46Z" finished-at="2019-07-01T13:48:12Z">
          <reporter-output>
          </reporter-output>
        </test-method> <!-- orderWorkflowTest -->
        <test-method status="PASS" signature="tearDown()[pri:0, instance:MBOnlineShopWorklow.MercedesBenz.OrderWorkflowTest@60addb54]" name="tearDown" is-config="true" duration-ms="1660" started-at="2019-07-01T13:48:12Z" finished-at="2019-07-01T13:48:13Z">
          <reporter-output>
          </reporter-output>
        </test-method> <!-- tearDown -->
      </class> <!-- MBOnlineShopWorklow.MercedesBenz.OrderWorkflowTest -->
    </test> <!-- Test -->
  </suite> <!-- Suite -->
</testng-results>
